<?xml version="1.0" encoding="UTF-8"?>
<!-- Generated by org.testng.reporters.JUnitXMLReporter -->
<testsuite ignored="4" hostname="DESKTOP-ER6SAM4" failures="0" tests="3" name="Test" time="13.515" errors="0" timestamp="2023-09-30T12:12:45 IST">
  <testcase classname="com.testNG.Demo_Test" name="demo" time="0.009"/>
  <testcase classname="com.testNG.SampleTest" name="sample" time="0.006"/>
  <testcase classname="com.testNG.SimpleTest" name="simple" time="0.003"/>
  <testcase classname="com.ZMS.genericUtiliti.BaseClass" name="@BeforeSuite configBS" time="0.0">
    <ignored/>
  </testcase> <!-- @BeforeSuite configBS -->
  <testcase classname="com.ZMS.genericUtiliti.BaseClass" name="@AfterSuite configAS" time="0.0">
    <ignored/>
  </testcase> <!-- @AfterSuite configAS -->
  <testcase classname="com.ZMS.genericUtiliti.BaseClass" name="@BeforeSuite configBS" time="0.0">
    <ignored/>
  </testcase> <!-- @BeforeSuite configBS -->
  <testcase classname="com.ZMS.genericUtiliti.BaseClass" name="@AfterSuite configAS" time="0.0">
    <ignored/>
  </testcase> <!-- @AfterSuite configAS -->
</testsuite> <!-- Test -->
