<?xml version="1.0" encoding="UTF-8"?>
<testng-results ignored="0" total="3" passed="3" failed="0" skipped="0">
  <reporter-output>
  </reporter-output>
  <suite started-at="2023-09-30T12:12:31 IST" name="Suite" finished-at="2023-09-30T12:12:45 IST" duration-ms="13515">
    <groups>
      <group name="Regression">
        <method signature="SampleTest.sample()[pri:0, instance:com.testNG.SampleTest@45c7e403]" name="sample" class="com.testNG.SampleTest"/>
        <method signature="SimpleTest.simple()[pri:0, instance:com.testNG.SimpleTest@b3ca52e]" name="simple" class="com.testNG.SimpleTest"/>
      </group> <!-- Regression -->
      <group name="smoke">
        <method signature="Demo_Test.demo()[pri:0, instance:com.testNG.Demo_Test@5dda768f]" name="demo" class="com.testNG.Demo_Test"/>
        <method signature="SimpleTest.simple()[pri:0, instance:com.testNG.SimpleTest@b3ca52e]" name="simple" class="com.testNG.SimpleTest"/>
      </group> <!-- smoke -->
    </groups>
    <test started-at="2023-09-30T12:12:31 IST" name="Test" finished-at="2023-09-30T12:12:45 IST" duration-ms="13515">
      <class name="com.testNG.Demo_Test">
        <test-method is-config="true" signature="configBS()[pri:0, instance:com.testNG.Demo_Test@5dda768f]" started-at="2023-09-30T12:12:31 IST" name="configBS" finished-at="2023-09-30T12:12:31 IST" duration-ms="456" status="PASS">
          <reporter-output>
          </reporter-output>
        </test-method> <!-- configBS -->
        <test-method is-config="true" signature="configBC()[pri:0, instance:com.testNG.Demo_Test@5dda768f]" started-at="2023-09-30T12:12:31 IST" name="configBC" finished-at="2023-09-30T12:12:35 IST" duration-ms="3619" status="PASS">
          <reporter-output>
          </reporter-output>
        </test-method> <!-- configBC -->
        <test-method is-config="true" signature="configBM()[pri:0, instance:com.testNG.Demo_Test@5dda768f]" started-at="2023-09-30T12:12:35 IST" name="configBM" finished-at="2023-09-30T12:12:36 IST" duration-ms="1518" status="PASS">
          <reporter-output>
          </reporter-output>
        </test-method> <!-- configBM -->
        <test-method signature="demo()[pri:0, instance:com.testNG.Demo_Test@5dda768f]" started-at="2023-09-30T12:12:36 IST" name="demo" finished-at="2023-09-30T12:12:36 IST" duration-ms="9" status="PASS">
          <reporter-output>
          </reporter-output>
        </test-method> <!-- demo -->
        <test-method is-config="true" signature="configAM()[pri:0, instance:com.testNG.Demo_Test@5dda768f]" started-at="2023-09-30T12:12:36 IST" name="configAM" finished-at="2023-09-30T12:12:37 IST" duration-ms="403" status="PASS">
          <reporter-output>
          </reporter-output>
        </test-method> <!-- configAM -->
        <test-method is-config="true" signature="configAC()[pri:0, instance:com.testNG.Demo_Test@5dda768f]" started-at="2023-09-30T12:12:37 IST" name="configAC" finished-at="2023-09-30T12:12:37 IST" duration-ms="320" status="PASS">
          <reporter-output>
          </reporter-output>
        </test-method> <!-- configAC -->
        <test-method is-config="true" signature="configAS()[pri:0, instance:com.testNG.Demo_Test@5dda768f]" started-at="2023-09-30T12:12:45 IST" name="configAS" finished-at="2023-09-30T12:12:45 IST" duration-ms="9" status="PASS">
          <reporter-output>
          </reporter-output>
        </test-method> <!-- configAS -->
      </class> <!-- com.testNG.Demo_Test -->
      <class name="com.testNG.SimpleTest">
        <test-method is-config="true" signature="configBC()[pri:0, instance:com.testNG.SimpleTest@b3ca52e]" started-at="2023-09-30T12:12:41 IST" name="configBC" finished-at="2023-09-30T12:12:42 IST" duration-ms="1733" status="PASS">
          <reporter-output>
          </reporter-output>
        </test-method> <!-- configBC -->
        <test-method is-config="true" signature="configBM()[pri:0, instance:com.testNG.SimpleTest@b3ca52e]" started-at="2023-09-30T12:12:42 IST" name="configBM" finished-at="2023-09-30T12:12:44 IST" duration-ms="1401" status="PASS">
          <reporter-output>
          </reporter-output>
        </test-method> <!-- configBM -->
        <test-method signature="simple()[pri:0, instance:com.testNG.SimpleTest@b3ca52e]" started-at="2023-09-30T12:12:44 IST" name="simple" finished-at="2023-09-30T12:12:44 IST" duration-ms="3" status="PASS">
          <reporter-output>
          </reporter-output>
        </test-method> <!-- simple -->
        <test-method is-config="true" signature="configAM()[pri:0, instance:com.testNG.SimpleTest@b3ca52e]" started-at="2023-09-30T12:12:44 IST" name="configAM" finished-at="2023-09-30T12:12:44 IST" duration-ms="472" status="PASS">
          <reporter-output>
          </reporter-output>
        </test-method> <!-- configAM -->
        <test-method is-config="true" signature="configAC()[pri:0, instance:com.testNG.SimpleTest@b3ca52e]" started-at="2023-09-30T12:12:44 IST" name="configAC" finished-at="2023-09-30T12:12:45 IST" duration-ms="323" status="PASS">
          <reporter-output>
          </reporter-output>
        </test-method> <!-- configAC -->
      </class> <!-- com.testNG.SimpleTest -->
      <class name="com.testNG.SampleTest">
        <test-method is-config="true" signature="configBC()[pri:0, instance:com.testNG.SampleTest@45c7e403]" started-at="2023-09-30T12:12:37 IST" name="configBC" finished-at="2023-09-30T12:12:39 IST" duration-ms="1668" status="PASS">
          <reporter-output>
          </reporter-output>
        </test-method> <!-- configBC -->
        <test-method is-config="true" signature="configBM()[pri:0, instance:com.testNG.SampleTest@45c7e403]" started-at="2023-09-30T12:12:39 IST" name="configBM" finished-at="2023-09-30T12:12:40 IST" duration-ms="1200" status="PASS">
          <reporter-output>
          </reporter-output>
        </test-method> <!-- configBM -->
        <test-method signature="sample()[pri:0, instance:com.testNG.SampleTest@45c7e403]" started-at="2023-09-30T12:12:40 IST" name="sample" finished-at="2023-09-30T12:12:40 IST" duration-ms="6" status="PASS">
          <reporter-output>
          </reporter-output>
        </test-method> <!-- sample -->
        <test-method is-config="true" signature="configAM()[pri:0, instance:com.testNG.SampleTest@45c7e403]" started-at="2023-09-30T12:12:40 IST" name="configAM" finished-at="2023-09-30T12:12:40 IST" duration-ms="406" status="PASS">
          <reporter-output>
          </reporter-output>
        </test-method> <!-- configAM -->
        <test-method is-config="true" signature="configAC()[pri:0, instance:com.testNG.SampleTest@45c7e403]" started-at="2023-09-30T12:12:40 IST" name="configAC" finished-at="2023-09-30T12:12:41 IST" duration-ms="335" status="PASS">
          <reporter-output>
          </reporter-output>
        </test-method> <!-- configAC -->
      </class> <!-- com.testNG.SampleTest -->
    </test> <!-- Test -->
  </suite> <!-- Suite -->
</testng-results>
